<?xml version="1.0" encoding="UTF-8"?>
<!-- Generated by org.testng.reporters.JUnitReportReporter -->
<testsuite hostname="DESKTOP-MQ57DD3" failures="0" tests="5" name="qaautomation.Tugas4_juli.SaucedemoTest" time="56.275" errors="0" timestamp="12 Aug 2022 07:19:32 GMT" skipped="0">
  <testcase classname="qaautomation.Tugas4_juli.SaucedemoTest" name="LoginFailedUsernameNull" time="13.844"/>
  <testcase classname="qaautomation.Tugas4_juli.SaucedemoTest" name="LoginFailed" time="12.454"/>
  <testcase classname="qaautomation.Tugas4_juli.SaucedemoTest" name="LoginFailedPasswordNull" time="7.998"/>
  <testcase classname="qaautomation.Tugas4_juli.SaucedemoTest" name="FinishOrder" time="13.846"/>
  <testcase classname="qaautomation.Tugas4_juli.SaucedemoTest" name="Login" time="8.133"/>
</testsuite> <!-- qaautomation.Tugas4_juli.SaucedemoTest -->
