<?xml version="1.0" encoding="UTF-8"?>
<!-- Generated by org.testng.reporters.JUnitReportReporter -->
<testsuite hostname="DESKTOP-MQ57DD3" failures="0" tests="5" name="qaautomation.Tugas4_juli.SaucedemoTest" time="35.896" errors="0" timestamp="13 Aug 2022 14:02:12 GMT" skipped="0">
  <testcase classname="qaautomation.Tugas4_juli.SaucedemoTest" name="Login" time="6.314"/>
  <testcase classname="qaautomation.Tugas4_juli.SaucedemoTest" name="LoginFailedUsernameNull" time="6.137"/>
  <testcase classname="qaautomation.Tugas4_juli.SaucedemoTest" name="FinishOrder" time="9.053"/>
  <testcase classname="qaautomation.Tugas4_juli.SaucedemoTest" name="LoginFailedPasswordNull" time="7.926"/>
  <testcase classname="qaautomation.Tugas4_juli.SaucedemoTest" name="LoginFailed" time="6.466"/>
</testsuite> <!-- qaautomation.Tugas4_juli.SaucedemoTest -->
