<?xml version="1.0" encoding="UTF-8"?>
<!-- Generated by org.testng.reporters.JUnitReportReporter -->
<testsuite hostname="DESKTOP-MQ57DD3" failures="0" tests="1" name="qaautomation.Tugas4_juli.AppTest" time="0.422" errors="0" timestamp="11 Aug 2022 13:37:16 GMT" skipped="0">
  <testcase classname="qaautomation.Tugas4_juli.AppTest" name="shouldAnswerWithTrue" time="0.422"/>
</testsuite> <!-- qaautomation.Tugas4_juli.AppTest -->
