<?xml version="1.0" encoding="UTF-8"?>
<!-- Generated by org.testng.reporters.JUnitReportReporter -->
<testsuite hostname="DESKTOP-MQ57DD3" failures="0" tests="3" name="qaautomation.Tugas5_juli.RegisterAPI" time="12.904" errors="0" timestamp="2022-08-07T10:24:09 WIB" skipped="0">
  <testcase classname="qaautomation.Tugas5_juli.RegisterAPI" name="regisAPIFailedFirstNameBlank" time="8.453"/>
  <system-out/>
  <testcase classname="qaautomation.Tugas5_juli.RegisterAPI" name="regisAPIFailedSameEmail" time="1.849"/>
  <system-out/>
  <testcase classname="qaautomation.Tugas5_juli.RegisterAPI" name="regisAPISuccess" time="2.602"/>
  <system-out/>
</testsuite> <!-- qaautomation.Tugas5_juli.RegisterAPI -->
