<?xml version="1.0" encoding="UTF-8"?>
<!-- Generated by org.testng.reporters.JUnitReportReporter -->
<testsuite hostname="DESKTOP-MQ57DD3" failures="0" tests="1" name="qaautomation.Tugas5_juli.AppTest" time="0.214" errors="0" timestamp="2022-08-12T14:00:16 WIB" skipped="0">
  <testcase classname="qaautomation.Tugas5_juli.AppTest" name="shouldAnswerWithTrue" time="0.214"/>
  <system-out/>
</testsuite> <!-- qaautomation.Tugas5_juli.AppTest -->
