<?xml version="1.0" encoding="UTF-8"?>
<!-- Generated by org.testng.reporters.JUnitReportReporter -->
<testsuite hostname="LAPTOP-TNAJ3KPP" failures="0" tests="1" name="qaautomation.TugasJully2022.AppTest" time="0.099" errors="0" timestamp="2022-07-30T23:36:26 WIB" skipped="0">
  <testcase classname="qaautomation.TugasJully2022.AppTest" name="shouldAnswerWithTrue" time="0.099"/>
  <system-out/>
</testsuite> <!-- qaautomation.TugasJully2022.AppTest -->
