<?xml version="1.0" encoding="UTF-8"?>
<!-- Generated by org.testng.reporters.JUnitReportReporter -->
<testsuite hostname="LAPTOP-TNAJ3KPP" failures="0" tests="3" name="qaautomation.TugasJully2022.RegistrasiAPI" time="13.818" errors="0" timestamp="2022-07-30T17:08:55 WIB" skipped="0">
  <testcase classname="qaautomation.TugasJully2022.RegistrasiAPI" name="regisAPISuccess" time="2.397"/>
  <system-out/>
  <testcase classname="qaautomation.TugasJully2022.RegistrasiAPI" name="regisAPIFailedSameEmail" time="9.730"/>
  <system-out/>
  <testcase classname="qaautomation.TugasJully2022.RegistrasiAPI" name="regisAPIFailedSameUsername" time="1.691"/>
  <system-out/>
</testsuite> <!-- qaautomation.TugasJully2022.RegistrasiAPI -->
