<?xml version="1.0" encoding="UTF-8"?>
<!-- Generated by org.testng.reporters.JUnitReportReporter -->
<testsuite hostname="LAPTOP-TNAJ3KPP" failures="0" tests="3" name="qaautomation.TugasJully2022.RegisterAPI" time="10.081" errors="0" timestamp="2022-07-31T00:29:54 WIB" skipped="0">
  <testcase classname="qaautomation.TugasJully2022.RegisterAPI" name="regisAPISuccess" time="3.189"/>
  <system-out/>
  <testcase classname="qaautomation.TugasJully2022.RegisterAPI" name="regisAPIFailedFirstNameBlank" time="5.236"/>
  <system-out/>
  <testcase classname="qaautomation.TugasJully2022.RegisterAPI" name="regisAPIFailedSameEmail" time="1.656"/>
  <system-out/>
</testsuite> <!-- qaautomation.TugasJully2022.RegisterAPI -->
