<?xml version="1.0" encoding="UTF-8"?>
<!-- Generated by org.testng.reporters.JUnitReportReporter -->
<testsuite hostname="DESKTOP-MQ57DD3" failures="0" tests="1" name="qaautomation.Tugas3_juli.YopmailTest" time="18.550" errors="0" timestamp="12 Aug 2022 06:53:46 GMT" skipped="0">
  <testcase classname="qaautomation.Tugas3_juli.YopmailTest" name="OpenMail" time="18.550"/>
</testsuite> <!-- qaautomation.Tugas3_juli.YopmailTest -->
